<testsuite failures="0" name="demo/headers/callonce-background-multiscenario.feature" skipped="0" tests="2" time="0.177774">
  <testcase classname="demo.headers.callonce-background-multiscenario" name="first scenario" time="0.141023">
    <system-out>* def setup = callonce read('common-noheaders.feature') ................... passed
* def authToken = (setup.token + setup.time) .............................. passed
* header Authorization = authToken + demoBaseUrl .......................... passed
* cookie time = setup.time ................................................ passed
* url demoBaseUrl ......................................................... passed
Given path 'headers', setup.token ......................................... passed
And param url = demoBaseUrl ............................................... passed
When method get ........................................................... passed
Then status 200 ........................................................... passed</system-out>
  </testcase>
  <testcase classname="demo.headers.callonce-background-multiscenario" name="second scenario" time="0.03675">
    <system-out>* def setup = callonce read('common-noheaders.feature') ................... passed
* def authToken = (setup.token + setup.time) .............................. passed
* header Authorization = authToken + demoBaseUrl .......................... passed
* cookie time = setup.time ................................................ passed
* url demoBaseUrl ......................................................... passed
Given path 'headers', setup.token ......................................... passed
And param url = demoBaseUrl ............................................... passed
When method get ........................................................... passed
Then status 200 ........................................................... passed
* def setup = callonce read('common-noheaders.feature') ................... passed
* def authToken = (setup.token + setup.time) .............................. passed
* header Authorization = authToken + demoBaseUrl .......................... passed
* cookie time = setup.time ................................................ passed
* url demoBaseUrl ......................................................... passed
Given path 'headers', setup.token ......................................... passed
And param url = demoBaseUrl ............................................... passed
When method get ........................................................... passed
Then status 200 ........................................................... passed</system-out>
  </testcase>
</testsuite>
