<testsuite failures="0" name="demo/headers/call-isolated-headers.feature" skipped="0" tests="2" time="0.57376">
  <testcase classname="demo.headers.call-isolated-headers" name="all auth headers have been set via the background and 'common-multiple.feature'" time="0.557986">
    <system-out>* configure headers = read('classpath:headers.js') ........................ passed
* def setup = callonce read('common-multiple.feature') .................... passed
* def time = setup.time ................................................... passed
* def token = setup.token ................................................. passed
* cookie time = setup.time ................................................ passed
* url demoBaseUrl ......................................................... passed
Given path 'headers', token ............................................... passed
And param url = demoBaseUrl ............................................... passed
When method get ........................................................... passed
Then status 200 ........................................................... passed</system-out>
  </testcase>
  <testcase classname="demo.headers.call-isolated-headers" name="make sure that the second scenario also works well with the 'callonce' in the background" time="0.015774">
    <system-out>* configure headers = read('classpath:headers.js') ........................ passed
* def setup = callonce read('common-multiple.feature') .................... passed
* def time = setup.time ................................................... passed
* def token = setup.token ................................................. passed
* cookie time = setup.time ................................................ passed
* url demoBaseUrl ......................................................... passed
Given path 'headers', token ............................................... passed
And param url = demoBaseUrl ............................................... passed
When method get ........................................................... passed
Then status 200 ........................................................... passed
* configure headers = read('classpath:headers.js') ........................ passed
* def setup = callonce read('common-multiple.feature') .................... passed
* def time = setup.time ................................................... passed
* def token = setup.token ................................................. passed
* cookie time = setup.time ................................................ passed
* url demoBaseUrl ......................................................... passed
Given path 'headers', token ............................................... passed
And param url = demoBaseUrl ............................................... passed
When method get ........................................................... passed
Then status 200 ........................................................... passed</system-out>
  </testcase>
</testsuite>
