<testsuite failures="0" name="demo/soap/soap.feature" skipped="0" tests="2" time="0.139905">
  <testcase classname="demo.soap.soap" name="soap 1.1" time="0.050055">
    <system-out>* url demoBaseUrl + '/soap' ............................................... passed
Given request ............................................................. passed
When soap action 'http://tempuri.org/Add' ................................. passed
Then status 200 ........................................................... passed
And match /Envelope/Body/AddResponse/AddResult == 5 ....................... passed
And print 'response: ', response .......................................... passed</system-out>
  </testcase>
  <testcase classname="demo.soap.soap" name="soap 1.2" time="0.08985">
    <system-out>* url demoBaseUrl + '/soap' ............................................... passed
Given request ............................................................. passed
When soap action 'http://tempuri.org/Add' ................................. passed
Then status 200 ........................................................... passed
And match /Envelope/Body/AddResponse/AddResult == 5 ....................... passed
And print 'response: ', response .......................................... passed
* url demoBaseUrl + '/soap' ............................................... passed
Given request read('request.xml') ......................................... passed
And header Content-Type = 'application/soap+xml; charset=utf-8' ........... passed
When method post .......................................................... passed
Then status 200 ........................................................... passed
And match /Envelope/Body/AddResponse == read('expected.xml') .............. passed</system-out>
  </testcase>
</testsuite>
