<testsuite failures="0" name="demo/graphql/graphql.feature" skipped="0" tests="2" time="0.134461">
  <testcase classname="demo.graphql.graphql" name="simple graphql request" time="0.081728">
    <system-out>* url demoBaseUrl + '/graphql' ............................................ passed
Given text query = ........................................................ passed
And request { query: '#(query)' } ......................................... passed
When method post .......................................................... passed
Then status 200 ........................................................... passed
* print 'response:', response ............................................. passed
* match $.data.pokemon.number == '025' .................................... passed
* def attacks = get[0] response..special .................................. passed
* match attacks contains { name: 'Thunderbolt', type: 'Electric', damage: 55 } . passed</system-out>
  </testcase>
  <testcase classname="demo.graphql.graphql" name="graphql from a file and variables" time="0.052733">
    <system-out>* url demoBaseUrl + '/graphql' ............................................ passed
Given text query = ........................................................ passed
And request { query: '#(query)' } ......................................... passed
When method post .......................................................... passed
Then status 200 ........................................................... passed
* print 'response:', response ............................................. passed
* match $.data.pokemon.number == '025' .................................... passed
* def attacks = get[0] response..special .................................. passed
* match attacks contains { name: 'Thunderbolt', type: 'Electric', damage: 55 } . passed
* url demoBaseUrl + '/graphql' ............................................ passed
Given def query = read('by-name.graphql') ................................. passed
And def variables = { name: 'Charmander' } ................................ passed
And request { query: '#(query)', variables: '#(variables)' } .............. passed
When method post .......................................................... passed
Then status 200 ........................................................... passed
* def expected = [{ name: 'Flamethrower', type: 'Fire', damage: 55 }, { name: 'Flame Charge', type: 'Fire', damage: 25 }] . passed
* match $.data.pokemon contains { number: '004', name: 'Charmander', attacks: { special: '#(^expected)' } } . passed</system-out>
  </testcase>
</testsuite>
