<testsuite failures="0" name="demo/outline/dynamic-csv.feature" skipped="0" tests="3" time="0.024662">
  <testcase classname="demo.outline.dynamic-csv" name="cat name: Bob" time="0.008538">
    <system-out>Given url demoBaseUrl ..................................................... passed
And path 'cats' ........................................................... passed
And request { name: 'Bob', age: 10 } ...................................... passed
When method post .......................................................... passed
Then status 200 ........................................................... passed
And match response == { id: '#number', name: 'Bob' } ...................... passed</system-out>
  </testcase>
  <testcase classname="demo.outline.dynamic-csv" name="cat name: Wild" time="0.006733">
    <system-out>Given url demoBaseUrl ..................................................... passed
And path 'cats' ........................................................... passed
And request { name: 'Bob', age: 10 } ...................................... passed
When method post .......................................................... passed
Then status 200 ........................................................... passed
And match response == { id: '#number', name: 'Bob' } ...................... passed
Given url demoBaseUrl ..................................................... passed
And path 'cats' ........................................................... passed
And request { name: 'Wild', age: 5 } ...................................... passed
When method post .......................................................... passed
Then status 200 ........................................................... passed
And match response == { id: '#number', name: 'Wild' } ..................... passed</system-out>
  </testcase>
  <testcase classname="demo.outline.dynamic-csv" name="cat name: Nyan" time="0.009391">
    <system-out>Given url demoBaseUrl ..................................................... passed
And path 'cats' ........................................................... passed
And request { name: 'Bob', age: 10 } ...................................... passed
When method post .......................................................... passed
Then status 200 ........................................................... passed
And match response == { id: '#number', name: 'Bob' } ...................... passed
Given url demoBaseUrl ..................................................... passed
And path 'cats' ........................................................... passed
And request { name: 'Wild', age: 5 } ...................................... passed
When method post .......................................................... passed
Then status 200 ........................................................... passed
And match response == { id: '#number', name: 'Wild' } ..................... passed
Given url demoBaseUrl ..................................................... passed
And path 'cats' ........................................................... passed
And request { name: 'Nyan', age: 3 } ...................................... passed
When method post .......................................................... passed
Then status 200 ........................................................... passed
And match response == { id: '#number', name: 'Nyan' } ..................... passed</system-out>
  </testcase>
</testsuite>
