<testsuite failures="0" name="demo/callfeature/create-two-cats.feature" skipped="0" tests="1" time="0.022691">
  <testcase classname="demo.callfeature.create-two-cats" name="create kittens" time="0.022691">
    <system-out>* url demoBaseUrl ......................................................... passed
Given path 'cats' ......................................................... passed
And request { name: 'Bob' } ............................................... passed
When method post .......................................................... passed
Then status 200 ........................................................... passed
And def bob = response .................................................... passed
Given path 'cats' ......................................................... passed
And request { name: 'Wild' } .............................................. passed
When method post .......................................................... passed
Then status 200 ........................................................... passed
And def wild = response ................................................... passed</system-out>
  </testcase>
</testsuite>
