<testsuite failures="0" name="demo/headers/headers-override.feature" skipped="0" tests="1" time="0.027832">
  <testcase classname="demo.headers.headers-override" name="1" time="0.027832">
    <system-out>Given url demoBaseUrl ..................................................... passed
And path 'headers' ........................................................ passed
When method get ........................................................... passed
Then status 200 ........................................................... passed
And def token = response .................................................. passed
And def time = responseCookies.time.value ................................. passed
* header Authorization = 'invalid' ........................................ passed
* header Authorization = token + time + demoBaseUrl ....................... passed
Given path 'headers', token ............................................... passed
And param url = demoBaseUrl ............................................... passed
When method get ........................................................... passed
Then status 200 ........................................................... passed</system-out>
  </testcase>
</testsuite>
