<testsuite failures="0" name="demo/search/dynamic-params.feature" skipped="0" tests="14" time="1.101535">
  <testcase classname="demo.search.dynamic-params" name="using a javascript function to pre-process the search parameters" time="0.208819">
    <system-out>* url demoBaseUrl ......................................................... passed
* def query = { name: 'foo', country: 'IN', active: 'true', limit: '1' } .. passed
* def nullify = ........................................................... passed
* def getResponseParam = read('get-response-param.js') .................... passed
* def query = nullify(query) .............................................. passed
* print query ............................................................. passed
Given path 'search' ....................................................... passed
And params query .......................................................... passed
When method get ........................................................... passed
Then status 200 ........................................................... passed
And assert getResponseParam('name') == query.name ......................... passed
And assert getResponseParam('country') == query.country ................... passed
And assert getResponseParam('active') == query.active ..................... passed
And assert getResponseParam('limit') == query.limit ....................... passed
And match response !contains { '': '#notnull' } ........................... passed</system-out>
  </testcase>
  <testcase classname="demo.search.dynamic-params" name="using a javascript function to pre-process the search parameters" time="0.044298">
    <system-out>* url demoBaseUrl ......................................................... passed
* def query = { name: 'foo', country: 'IN', active: 'true', limit: '1' } .. passed
* def nullify = ........................................................... passed
* def getResponseParam = read('get-response-param.js') .................... passed
* def query = nullify(query) .............................................. passed
* print query ............................................................. passed
Given path 'search' ....................................................... passed
And params query .......................................................... passed
When method get ........................................................... passed
Then status 200 ........................................................... passed
And assert getResponseParam('name') == query.name ......................... passed
And assert getResponseParam('country') == query.country ................... passed
And assert getResponseParam('active') == query.active ..................... passed
And assert getResponseParam('limit') == query.limit ....................... passed
And match response !contains { '': '#notnull' } ........................... passed
* url demoBaseUrl ......................................................... passed
* def query = { name: 'bar', country: '', active: '', limit: '5' } ........ passed
* def nullify = ........................................................... passed
* def getResponseParam = read('get-response-param.js') .................... passed
* def query = nullify(query) .............................................. passed
* print query ............................................................. passed
Given path 'search' ....................................................... passed
And params query .......................................................... passed
When method get ........................................................... passed
Then status 200 ........................................................... passed
And assert getResponseParam('name') == query.name ......................... passed
And assert getResponseParam('country') == query.country ................... passed
And assert getResponseParam('active') == query.active ..................... passed
And assert getResponseParam('limit') == query.limit ....................... passed
And match response !contains { 'country': '#notnull' } .................... passed</system-out>
  </testcase>
  <testcase classname="demo.search.dynamic-params" name="using a javascript function to pre-process the search parameters" time="0.045074">
    <system-out>* url demoBaseUrl ......................................................... passed
* def query = { name: 'foo', country: 'IN', active: 'true', limit: '1' } .. passed
* def nullify = ........................................................... passed
* def getResponseParam = read('get-response-param.js') .................... passed
* def query = nullify(query) .............................................. passed
* print query ............................................................. passed
Given path 'search' ....................................................... passed
And params query .......................................................... passed
When method get ........................................................... passed
Then status 200 ........................................................... passed
And assert getResponseParam('name') == query.name ......................... passed
And assert getResponseParam('country') == query.country ................... passed
And assert getResponseParam('active') == query.active ..................... passed
And assert getResponseParam('limit') == query.limit ....................... passed
And match response !contains { '': '#notnull' } ........................... passed
* url demoBaseUrl ......................................................... passed
* def query = { name: 'bar', country: '', active: '', limit: '5' } ........ passed
* def nullify = ........................................................... passed
* def getResponseParam = read('get-response-param.js') .................... passed
* def query = nullify(query) .............................................. passed
* print query ............................................................. passed
Given path 'search' ....................................................... passed
And params query .......................................................... passed
When method get ........................................................... passed
Then status 200 ........................................................... passed
And assert getResponseParam('name') == query.name ......................... passed
And assert getResponseParam('country') == query.country ................... passed
And assert getResponseParam('active') == query.active ..................... passed
And assert getResponseParam('limit') == query.limit ....................... passed
And match response !contains { 'country': '#notnull' } .................... passed
* url demoBaseUrl ......................................................... passed
* def query = { name: 'baz', country: 'JP', active: '', limit: '' } ....... passed
* def nullify = ........................................................... passed
* def getResponseParam = read('get-response-param.js') .................... passed
* def query = nullify(query) .............................................. passed
* print query ............................................................. passed
Given path 'search' ....................................................... passed
And params query .......................................................... passed
When method get ........................................................... passed
Then status 200 ........................................................... passed
And assert getResponseParam('name') == query.name ......................... passed
And assert getResponseParam('country') == query.country ................... passed
And assert getResponseParam('active') == query.active ..................... passed
And assert getResponseParam('limit') == query.limit ....................... passed
And match response !contains { 'active': '#notnull' } ..................... passed</system-out>
  </testcase>
  <testcase classname="demo.search.dynamic-params" name="using a javascript function to pre-process the search parameters" time="0.014829">
    <system-out>* url demoBaseUrl ......................................................... passed
* def query = { name: 'foo', country: 'IN', active: 'true', limit: '1' } .. passed
* def nullify = ........................................................... passed
* def getResponseParam = read('get-response-param.js') .................... passed
* def query = nullify(query) .............................................. passed
* print query ............................................................. passed
Given path 'search' ....................................................... passed
And params query .......................................................... passed
When method get ........................................................... passed
Then status 200 ........................................................... passed
And assert getResponseParam('name') == query.name ......................... passed
And assert getResponseParam('country') == query.country ................... passed
And assert getResponseParam('active') == query.active ..................... passed
And assert getResponseParam('limit') == query.limit ....................... passed
And match response !contains { '': '#notnull' } ........................... passed
* url demoBaseUrl ......................................................... passed
* def query = { name: 'bar', country: '', active: '', limit: '5' } ........ passed
* def nullify = ........................................................... passed
* def getResponseParam = read('get-response-param.js') .................... passed
* def query = nullify(query) .............................................. passed
* print query ............................................................. passed
Given path 'search' ....................................................... passed
And params query .......................................................... passed
When method get ........................................................... passed
Then status 200 ........................................................... passed
And assert getResponseParam('name') == query.name ......................... passed
And assert getResponseParam('country') == query.country ................... passed
And assert getResponseParam('active') == query.active ..................... passed
And assert getResponseParam('limit') == query.limit ....................... passed
And match response !contains { 'country': '#notnull' } .................... passed
* url demoBaseUrl ......................................................... passed
* def query = { name: 'baz', country: 'JP', active: '', limit: '' } ....... passed
* def nullify = ........................................................... passed
* def getResponseParam = read('get-response-param.js') .................... passed
* def query = nullify(query) .............................................. passed
* print query ............................................................. passed
Given path 'search' ....................................................... passed
And params query .......................................................... passed
When method get ........................................................... passed
Then status 200 ........................................................... passed
And assert getResponseParam('name') == query.name ......................... passed
And assert getResponseParam('country') == query.country ................... passed
And assert getResponseParam('active') == query.active ..................... passed
And assert getResponseParam('limit') == query.limit ....................... passed
And match response !contains { 'active': '#notnull' } ..................... passed
* url demoBaseUrl ......................................................... passed
* def query = { name: '', country: 'US', active: '', limit: '3' } ......... passed
* def nullify = ........................................................... passed
* def getResponseParam = read('get-response-param.js') .................... passed
* def query = nullify(query) .............................................. passed
* print query ............................................................. passed
Given path 'search' ....................................................... passed
And params query .......................................................... passed
When method get ........................................................... passed
Then status 200 ........................................................... passed
And assert getResponseParam('name') == query.name ......................... passed
And assert getResponseParam('country') == query.country ................... passed
And assert getResponseParam('active') == query.active ..................... passed
And assert getResponseParam('limit') == query.limit ....................... passed
And match response !contains { 'name': '#notnull' } ....................... passed</system-out>
  </testcase>
  <testcase classname="demo.search.dynamic-params" name="using a javascript function to pre-process the search parameters" time="0.012691">
    <system-out>* url demoBaseUrl ......................................................... passed
* def query = { name: 'foo', country: 'IN', active: 'true', limit: '1' } .. passed
* def nullify = ........................................................... passed
* def getResponseParam = read('get-response-param.js') .................... passed
* def query = nullify(query) .............................................. passed
* print query ............................................................. passed
Given path 'search' ....................................................... passed
And params query .......................................................... passed
When method get ........................................................... passed
Then status 200 ........................................................... passed
And assert getResponseParam('name') == query.name ......................... passed
And assert getResponseParam('country') == query.country ................... passed
And assert getResponseParam('active') == query.active ..................... passed
And assert getResponseParam('limit') == query.limit ....................... passed
And match response !contains { '': '#notnull' } ........................... passed
* url demoBaseUrl ......................................................... passed
* def query = { name: 'bar', country: '', active: '', limit: '5' } ........ passed
* def nullify = ........................................................... passed
* def getResponseParam = read('get-response-param.js') .................... passed
* def query = nullify(query) .............................................. passed
* print query ............................................................. passed
Given path 'search' ....................................................... passed
And params query .......................................................... passed
When method get ........................................................... passed
Then status 200 ........................................................... passed
And assert getResponseParam('name') == query.name ......................... passed
And assert getResponseParam('country') == query.country ................... passed
And assert getResponseParam('active') == query.active ..................... passed
And assert getResponseParam('limit') == query.limit ....................... passed
And match response !contains { 'country': '#notnull' } .................... passed
* url demoBaseUrl ......................................................... passed
* def query = { name: 'baz', country: 'JP', active: '', limit: '' } ....... passed
* def nullify = ........................................................... passed
* def getResponseParam = read('get-response-param.js') .................... passed
* def query = nullify(query) .............................................. passed
* print query ............................................................. passed
Given path 'search' ....................................................... passed
And params query .......................................................... passed
When method get ........................................................... passed
Then status 200 ........................................................... passed
And assert getResponseParam('name') == query.name ......................... passed
And assert getResponseParam('country') == query.country ................... passed
And assert getResponseParam('active') == query.active ..................... passed
And assert getResponseParam('limit') == query.limit ....................... passed
And match response !contains { 'active': '#notnull' } ..................... passed
* url demoBaseUrl ......................................................... passed
* def query = { name: '', country: 'US', active: '', limit: '3' } ......... passed
* def nullify = ........................................................... passed
* def getResponseParam = read('get-response-param.js') .................... passed
* def query = nullify(query) .............................................. passed
* print query ............................................................. passed
Given path 'search' ....................................................... passed
And params query .......................................................... passed
When method get ........................................................... passed
Then status 200 ........................................................... passed
And assert getResponseParam('name') == query.name ......................... passed
And assert getResponseParam('country') == query.country ................... passed
And assert getResponseParam('active') == query.active ..................... passed
And assert getResponseParam('limit') == query.limit ....................... passed
And match response !contains { 'name': '#notnull' } ....................... passed
* url demoBaseUrl ......................................................... passed
* def query = { name: '', country: '', active: 'false', limit: '' } ....... passed
* def nullify = ........................................................... passed
* def getResponseParam = read('get-response-param.js') .................... passed
* def query = nullify(query) .............................................. passed
* print query ............................................................. passed
Given path 'search' ....................................................... passed
And params query .......................................................... passed
When method get ........................................................... passed
Then status 200 ........................................................... passed
And assert getResponseParam('name') == query.name ......................... passed
And assert getResponseParam('country') == query.country ................... passed
And assert getResponseParam('active') == query.active ..................... passed
And assert getResponseParam('limit') == query.limit ....................... passed
And match response !contains { 'limit': '#notnull' } ...................... passed</system-out>
  </testcase>
  <testcase classname="demo.search.dynamic-params" name="here the parameters are set to null within the 'Examples' table itself" time="0.013118">
    <system-out>* url demoBaseUrl ......................................................... passed
* def query = { name: 'foo', country: 'IN', active: 'true', limit: '1' } .. passed
* def nullify = ........................................................... passed
* def getResponseParam = read('get-response-param.js') .................... passed
* def query = nullify(query) .............................................. passed
* print query ............................................................. passed
Given path 'search' ....................................................... passed
And params query .......................................................... passed
When method get ........................................................... passed
Then status 200 ........................................................... passed
And assert getResponseParam('name') == query.name ......................... passed
And assert getResponseParam('country') == query.country ................... passed
And assert getResponseParam('active') == query.active ..................... passed
And assert getResponseParam('limit') == query.limit ....................... passed
And match response !contains { '': '#notnull' } ........................... passed
* url demoBaseUrl ......................................................... passed
* def query = { name: 'bar', country: '', active: '', limit: '5' } ........ passed
* def nullify = ........................................................... passed
* def getResponseParam = read('get-response-param.js') .................... passed
* def query = nullify(query) .............................................. passed
* print query ............................................................. passed
Given path 'search' ....................................................... passed
And params query .......................................................... passed
When method get ........................................................... passed
Then status 200 ........................................................... passed
And assert getResponseParam('name') == query.name ......................... passed
And assert getResponseParam('country') == query.country ................... passed
And assert getResponseParam('active') == query.active ..................... passed
And assert getResponseParam('limit') == query.limit ....................... passed
And match response !contains { 'country': '#notnull' } .................... passed
* url demoBaseUrl ......................................................... passed
* def query = { name: 'baz', country: 'JP', active: '', limit: '' } ....... passed
* def nullify = ........................................................... passed
* def getResponseParam = read('get-response-param.js') .................... passed
* def query = nullify(query) .............................................. passed
* print query ............................................................. passed
Given path 'search' ....................................................... passed
And params query .......................................................... passed
When method get ........................................................... passed
Then status 200 ........................................................... passed
And assert getResponseParam('name') == query.name ......................... passed
And assert getResponseParam('country') == query.country ................... passed
And assert getResponseParam('active') == query.active ..................... passed
And assert getResponseParam('limit') == query.limit ....................... passed
And match response !contains { 'active': '#notnull' } ..................... passed
* url demoBaseUrl ......................................................... passed
* def query = { name: '', country: 'US', active: '', limit: '3' } ......... passed
* def nullify = ........................................................... passed
* def getResponseParam = read('get-response-param.js') .................... passed
* def query = nullify(query) .............................................. passed
* print query ............................................................. passed
Given path 'search' ....................................................... passed
And params query .......................................................... passed
When method get ........................................................... passed
Then status 200 ........................................................... passed
And assert getResponseParam('name') == query.name ......................... passed
And assert getResponseParam('country') == query.country ................... passed
And assert getResponseParam('active') == query.active ..................... passed
And assert getResponseParam('limit') == query.limit ....................... passed
And match response !contains { 'name': '#notnull' } ....................... passed
* url demoBaseUrl ......................................................... passed
* def query = { name: '', country: '', active: 'false', limit: '' } ....... passed
* def nullify = ........................................................... passed
* def getResponseParam = read('get-response-param.js') .................... passed
* def query = nullify(query) .............................................. passed
* print query ............................................................. passed
Given path 'search' ....................................................... passed
And params query .......................................................... passed
When method get ........................................................... passed
Then status 200 ........................................................... passed
And assert getResponseParam('name') == query.name ......................... passed
And assert getResponseParam('country') == query.country ................... passed
And assert getResponseParam('active') == query.active ..................... passed
And assert getResponseParam('limit') == query.limit ....................... passed
And match response !contains { 'limit': '#notnull' } ...................... passed
* url demoBaseUrl ......................................................... passed
* def query = { name: 'foo', country: 'IN', active: true, limit: 1 } ...... passed
* print query ............................................................. passed
Given path 'search' ....................................................... passed
And params query .......................................................... passed
When method get ........................................................... passed
Then status 200 ........................................................... passed
And match response !contains {} ........................................... passed</system-out>
  </testcase>
  <testcase classname="demo.search.dynamic-params" name="here the parameters are set to null within the 'Examples' table itself" time="0.023596">
    <system-out>* url demoBaseUrl ......................................................... passed
* def query = { name: 'foo', country: 'IN', active: 'true', limit: '1' } .. passed
* def nullify = ........................................................... passed
* def getResponseParam = read('get-response-param.js') .................... passed
* def query = nullify(query) .............................................. passed
* print query ............................................................. passed
Given path 'search' ....................................................... passed
And params query .......................................................... passed
When method get ........................................................... passed
Then status 200 ........................................................... passed
And assert getResponseParam('name') == query.name ......................... passed
And assert getResponseParam('country') == query.country ................... passed
And assert getResponseParam('active') == query.active ..................... passed
And assert getResponseParam('limit') == query.limit ....................... passed
And match response !contains { '': '#notnull' } ........................... passed
* url demoBaseUrl ......................................................... passed
* def query = { name: 'bar', country: '', active: '', limit: '5' } ........ passed
* def nullify = ........................................................... passed
* def getResponseParam = read('get-response-param.js') .................... passed
* def query = nullify(query) .............................................. passed
* print query ............................................................. passed
Given path 'search' ....................................................... passed
And params query .......................................................... passed
When method get ........................................................... passed
Then status 200 ........................................................... passed
And assert getResponseParam('name') == query.name ......................... passed
And assert getResponseParam('country') == query.country ................... passed
And assert getResponseParam('active') == query.active ..................... passed
And assert getResponseParam('limit') == query.limit ....................... passed
And match response !contains { 'country': '#notnull' } .................... passed
* url demoBaseUrl ......................................................... passed
* def query = { name: 'baz', country: 'JP', active: '', limit: '' } ....... passed
* def nullify = ........................................................... passed
* def getResponseParam = read('get-response-param.js') .................... passed
* def query = nullify(query) .............................................. passed
* print query ............................................................. passed
Given path 'search' ....................................................... passed
And params query .......................................................... passed
When method get ........................................................... passed
Then status 200 ........................................................... passed
And assert getResponseParam('name') == query.name ......................... passed
And assert getResponseParam('country') == query.country ................... passed
And assert getResponseParam('active') == query.active ..................... passed
And assert getResponseParam('limit') == query.limit ....................... passed
And match response !contains { 'active': '#notnull' } ..................... passed
* url demoBaseUrl ......................................................... passed
* def query = { name: '', country: 'US', active: '', limit: '3' } ......... passed
* def nullify = ........................................................... passed
* def getResponseParam = read('get-response-param.js') .................... passed
* def query = nullify(query) .............................................. passed
* print query ............................................................. passed
Given path 'search' ....................................................... passed
And params query .......................................................... passed
When method get ........................................................... passed
Then status 200 ........................................................... passed
And assert getResponseParam('name') == query.name ......................... passed
And assert getResponseParam('country') == query.country ................... passed
And assert getResponseParam('active') == query.active ..................... passed
And assert getResponseParam('limit') == query.limit ....................... passed
And match response !contains { 'name': '#notnull' } ....................... passed
* url demoBaseUrl ......................................................... passed
* def query = { name: '', country: '', active: 'false', limit: '' } ....... passed
* def nullify = ........................................................... passed
* def getResponseParam = read('get-response-param.js') .................... passed
* def query = nullify(query) .............................................. passed
* print query ............................................................. passed
Given path 'search' ....................................................... passed
And params query .......................................................... passed
When method get ........................................................... passed
Then status 200 ........................................................... passed
And assert getResponseParam('name') == query.name ......................... passed
And assert getResponseParam('country') == query.country ................... passed
And assert getResponseParam('active') == query.active ..................... passed
And assert getResponseParam('limit') == query.limit ....................... passed
And match response !contains { 'limit': '#notnull' } ...................... passed
* url demoBaseUrl ......................................................... passed
* def query = { name: 'foo', country: 'IN', active: true, limit: 1 } ...... passed
* print query ............................................................. passed
Given path 'search' ....................................................... passed
And params query .......................................................... passed
When method get ........................................................... passed
Then status 200 ........................................................... passed
And match response !contains {} ........................................... passed
* url demoBaseUrl ......................................................... passed
* def query = { name: 'bar', country: null, active: null, limit: 5 } ...... passed
* print query ............................................................. passed
Given path 'search' ....................................................... passed
And params query .......................................................... passed
When method get ........................................................... passed
Then status 200 ........................................................... passed
And match response !contains { country: '#notnull', active: '#notnull' } .. passed</system-out>
  </testcase>
  <testcase classname="demo.search.dynamic-params" name="here the parameters are set to null within the 'Examples' table itself" time="0.009672">
    <system-out>* url demoBaseUrl ......................................................... passed
* def query = { name: 'foo', country: 'IN', active: 'true', limit: '1' } .. passed
* def nullify = ........................................................... passed
* def getResponseParam = read('get-response-param.js') .................... passed
* def query = nullify(query) .............................................. passed
* print query ............................................................. passed
Given path 'search' ....................................................... passed
And params query .......................................................... passed
When method get ........................................................... passed
Then status 200 ........................................................... passed
And assert getResponseParam('name') == query.name ......................... passed
And assert getResponseParam('country') == query.country ................... passed
And assert getResponseParam('active') == query.active ..................... passed
And assert getResponseParam('limit') == query.limit ....................... passed
And match response !contains { '': '#notnull' } ........................... passed
* url demoBaseUrl ......................................................... passed
* def query = { name: 'bar', country: '', active: '', limit: '5' } ........ passed
* def nullify = ........................................................... passed
* def getResponseParam = read('get-response-param.js') .................... passed
* def query = nullify(query) .............................................. passed
* print query ............................................................. passed
Given path 'search' ....................................................... passed
And params query .......................................................... passed
When method get ........................................................... passed
Then status 200 ........................................................... passed
And assert getResponseParam('name') == query.name ......................... passed
And assert getResponseParam('country') == query.country ................... passed
And assert getResponseParam('active') == query.active ..................... passed
And assert getResponseParam('limit') == query.limit ....................... passed
And match response !contains { 'country': '#notnull' } .................... passed
* url demoBaseUrl ......................................................... passed
* def query = { name: 'baz', country: 'JP', active: '', limit: '' } ....... passed
* def nullify = ........................................................... passed
* def getResponseParam = read('get-response-param.js') .................... passed
* def query = nullify(query) .............................................. passed
* print query ............................................................. passed
Given path 'search' ....................................................... passed
And params query .......................................................... passed
When method get ........................................................... passed
Then status 200 ........................................................... passed
And assert getResponseParam('name') == query.name ......................... passed
And assert getResponseParam('country') == query.country ................... passed
And assert getResponseParam('active') == query.active ..................... passed
And assert getResponseParam('limit') == query.limit ....................... passed
And match response !contains { 'active': '#notnull' } ..................... passed
* url demoBaseUrl ......................................................... passed
* def query = { name: '', country: 'US', active: '', limit: '3' } ......... passed
* def nullify = ........................................................... passed
* def getResponseParam = read('get-response-param.js') .................... passed
* def query = nullify(query) .............................................. passed
* print query ............................................................. passed
Given path 'search' ....................................................... passed
And params query .......................................................... passed
When method get ........................................................... passed
Then status 200 ........................................................... passed
And assert getResponseParam('name') == query.name ......................... passed
And assert getResponseParam('country') == query.country ................... passed
And assert getResponseParam('active') == query.active ..................... passed
And assert getResponseParam('limit') == query.limit ....................... passed
And match response !contains { 'name': '#notnull' } ....................... passed
* url demoBaseUrl ......................................................... passed
* def query = { name: '', country: '', active: 'false', limit: '' } ....... passed
* def nullify = ........................................................... passed
* def getResponseParam = read('get-response-param.js') .................... passed
* def query = nullify(query) .............................................. passed
* print query ............................................................. passed
Given path 'search' ....................................................... passed
And params query .......................................................... passed
When method get ........................................................... passed
Then status 200 ........................................................... passed
And assert getResponseParam('name') == query.name ......................... passed
And assert getResponseParam('country') == query.country ................... passed
And assert getResponseParam('active') == query.active ..................... passed
And assert getResponseParam('limit') == query.limit ....................... passed
And match response !contains { 'limit': '#notnull' } ...................... passed
* url demoBaseUrl ......................................................... passed
* def query = { name: 'foo', country: 'IN', active: true, limit: 1 } ...... passed
* print query ............................................................. passed
Given path 'search' ....................................................... passed
And params query .......................................................... passed
When method get ........................................................... passed
Then status 200 ........................................................... passed
And match response !contains {} ........................................... passed
* url demoBaseUrl ......................................................... passed
* def query = { name: 'bar', country: null, active: null, limit: 5 } ...... passed
* print query ............................................................. passed
Given path 'search' ....................................................... passed
And params query .......................................................... passed
When method get ........................................................... passed
Then status 200 ........................................................... passed
And match response !contains { country: '#notnull', active: '#notnull' } .. passed
* url demoBaseUrl ......................................................... passed
* def query = { name: 'baz', country: 'JP', active: null, limit: null } ... passed
* print query ............................................................. passed
Given path 'search' ....................................................... passed
And params query .......................................................... passed
When method get ........................................................... passed
Then status 200 ........................................................... passed
And match response !contains { active: '#notnull', limit: '#notnull' } .... passed</system-out>
  </testcase>
  <testcase classname="demo.search.dynamic-params" name="here the parameters are set to null within the 'Examples' table itself" time="0.014822">
    <system-out>* url demoBaseUrl ......................................................... passed
* def query = { name: 'foo', country: 'IN', active: 'true', limit: '1' } .. passed
* def nullify = ........................................................... passed
* def getResponseParam = read('get-response-param.js') .................... passed
* def query = nullify(query) .............................................. passed
* print query ............................................................. passed
Given path 'search' ....................................................... passed
And params query .......................................................... passed
When method get ........................................................... passed
Then status 200 ........................................................... passed
And assert getResponseParam('name') == query.name ......................... passed
And assert getResponseParam('country') == query.country ................... passed
And assert getResponseParam('active') == query.active ..................... passed
And assert getResponseParam('limit') == query.limit ....................... passed
And match response !contains { '': '#notnull' } ........................... passed
* url demoBaseUrl ......................................................... passed
* def query = { name: 'bar', country: '', active: '', limit: '5' } ........ passed
* def nullify = ........................................................... passed
* def getResponseParam = read('get-response-param.js') .................... passed
* def query = nullify(query) .............................................. passed
* print query ............................................................. passed
Given path 'search' ....................................................... passed
And params query .......................................................... passed
When method get ........................................................... passed
Then status 200 ........................................................... passed
And assert getResponseParam('name') == query.name ......................... passed
And assert getResponseParam('country') == query.country ................... passed
And assert getResponseParam('active') == query.active ..................... passed
And assert getResponseParam('limit') == query.limit ....................... passed
And match response !contains { 'country': '#notnull' } .................... passed
* url demoBaseUrl ......................................................... passed
* def query = { name: 'baz', country: 'JP', active: '', limit: '' } ....... passed
* def nullify = ........................................................... passed
* def getResponseParam = read('get-response-param.js') .................... passed
* def query = nullify(query) .............................................. passed
* print query ............................................................. passed
Given path 'search' ....................................................... passed
And params query .......................................................... passed
When method get ........................................................... passed
Then status 200 ........................................................... passed
And assert getResponseParam('name') == query.name ......................... passed
And assert getResponseParam('country') == query.country ................... passed
And assert getResponseParam('active') == query.active ..................... passed
And assert getResponseParam('limit') == query.limit ....................... passed
And match response !contains { 'active': '#notnull' } ..................... passed
* url demoBaseUrl ......................................................... passed
* def query = { name: '', country: 'US', active: '', limit: '3' } ......... passed
* def nullify = ........................................................... passed
* def getResponseParam = read('get-response-param.js') .................... passed
* def query = nullify(query) .............................................. passed
* print query ............................................................. passed
Given path 'search' ....................................................... passed
And params query .......................................................... passed
When method get ........................................................... passed
Then status 200 ........................................................... passed
And assert getResponseParam('name') == query.name ......................... passed
And assert getResponseParam('country') == query.country ................... passed
And assert getResponseParam('active') == query.active ..................... passed
And assert getResponseParam('limit') == query.limit ....................... passed
And match response !contains { 'name': '#notnull' } ....................... passed
* url demoBaseUrl ......................................................... passed
* def query = { name: '', country: '', active: 'false', limit: '' } ....... passed
* def nullify = ........................................................... passed
* def getResponseParam = read('get-response-param.js') .................... passed
* def query = nullify(query) .............................................. passed
* print query ............................................................. passed
Given path 'search' ....................................................... passed
And params query .......................................................... passed
When method get ........................................................... passed
Then status 200 ........................................................... passed
And assert getResponseParam('name') == query.name ......................... passed
And assert getResponseParam('country') == query.country ................... passed
And assert getResponseParam('active') == query.active ..................... passed
And assert getResponseParam('limit') == query.limit ....................... passed
And match response !contains { 'limit': '#notnull' } ...................... passed
* url demoBaseUrl ......................................................... passed
* def query = { name: 'foo', country: 'IN', active: true, limit: 1 } ...... passed
* print query ............................................................. passed
Given path 'search' ....................................................... passed
And params query .......................................................... passed
When method get ........................................................... passed
Then status 200 ........................................................... passed
And match response !contains {} ........................................... passed
* url demoBaseUrl ......................................................... passed
* def query = { name: 'bar', country: null, active: null, limit: 5 } ...... passed
* print query ............................................................. passed
Given path 'search' ....................................................... passed
And params query .......................................................... passed
When method get ........................................................... passed
Then status 200 ........................................................... passed
And match response !contains { country: '#notnull', active: '#notnull' } .. passed
* url demoBaseUrl ......................................................... passed
* def query = { name: 'baz', country: 'JP', active: null, limit: null } ... passed
* print query ............................................................. passed
Given path 'search' ....................................................... passed
And params query .......................................................... passed
When method get ........................................................... passed
Then status 200 ........................................................... passed
And match response !contains { active: '#notnull', limit: '#notnull' } .... passed
* url demoBaseUrl ......................................................... passed
* def query = { name: null, country: 'US', active: null, limit: 3 } ....... passed
* print query ............................................................. passed
Given path 'search' ....................................................... passed
And params query .......................................................... passed
When method get ........................................................... passed
Then status 200 ........................................................... passed
And match response !contains { name: '#notnull', active: '#notnull' } ..... passed</system-out>
  </testcase>
  <testcase classname="demo.search.dynamic-params" name="here the parameters are set to null within the 'Examples' table itself" time="0.016937">
    <system-out>* url demoBaseUrl ......................................................... passed
* def query = { name: 'foo', country: 'IN', active: 'true', limit: '1' } .. passed
* def nullify = ........................................................... passed
* def getResponseParam = read('get-response-param.js') .................... passed
* def query = nullify(query) .............................................. passed
* print query ............................................................. passed
Given path 'search' ....................................................... passed
And params query .......................................................... passed
When method get ........................................................... passed
Then status 200 ........................................................... passed
And assert getResponseParam('name') == query.name ......................... passed
And assert getResponseParam('country') == query.country ................... passed
And assert getResponseParam('active') == query.active ..................... passed
And assert getResponseParam('limit') == query.limit ....................... passed
And match response !contains { '': '#notnull' } ........................... passed
* url demoBaseUrl ......................................................... passed
* def query = { name: 'bar', country: '', active: '', limit: '5' } ........ passed
* def nullify = ........................................................... passed
* def getResponseParam = read('get-response-param.js') .................... passed
* def query = nullify(query) .............................................. passed
* print query ............................................................. passed
Given path 'search' ....................................................... passed
And params query .......................................................... passed
When method get ........................................................... passed
Then status 200 ........................................................... passed
And assert getResponseParam('name') == query.name ......................... passed
And assert getResponseParam('country') == query.country ................... passed
And assert getResponseParam('active') == query.active ..................... passed
And assert getResponseParam('limit') == query.limit ....................... passed
And match response !contains { 'country': '#notnull' } .................... passed
* url demoBaseUrl ......................................................... passed
* def query = { name: 'baz', country: 'JP', active: '', limit: '' } ....... passed
* def nullify = ........................................................... passed
* def getResponseParam = read('get-response-param.js') .................... passed
* def query = nullify(query) .............................................. passed
* print query ............................................................. passed
Given path 'search' ....................................................... passed
And params query .......................................................... passed
When method get ........................................................... passed
Then status 200 ........................................................... passed
And assert getResponseParam('name') == query.name ......................... passed
And assert getResponseParam('country') == query.country ................... passed
And assert getResponseParam('active') == query.active ..................... passed
And assert getResponseParam('limit') == query.limit ....................... passed
And match response !contains { 'active': '#notnull' } ..................... passed
* url demoBaseUrl ......................................................... passed
* def query = { name: '', country: 'US', active: '', limit: '3' } ......... passed
* def nullify = ........................................................... passed
* def getResponseParam = read('get-response-param.js') .................... passed
* def query = nullify(query) .............................................. passed
* print query ............................................................. passed
Given path 'search' ....................................................... passed
And params query .......................................................... passed
When method get ........................................................... passed
Then status 200 ........................................................... passed
And assert getResponseParam('name') == query.name ......................... passed
And assert getResponseParam('country') == query.country ................... passed
And assert getResponseParam('active') == query.active ..................... passed
And assert getResponseParam('limit') == query.limit ....................... passed
And match response !contains { 'name': '#notnull' } ....................... passed
* url demoBaseUrl ......................................................... passed
* def query = { name: '', country: '', active: 'false', limit: '' } ....... passed
* def nullify = ........................................................... passed
* def getResponseParam = read('get-response-param.js') .................... passed
* def query = nullify(query) .............................................. passed
* print query ............................................................. passed
Given path 'search' ....................................................... passed
And params query .......................................................... passed
When method get ........................................................... passed
Then status 200 ........................................................... passed
And assert getResponseParam('name') == query.name ......................... passed
And assert getResponseParam('country') == query.country ................... passed
And assert getResponseParam('active') == query.active ..................... passed
And assert getResponseParam('limit') == query.limit ....................... passed
And match response !contains { 'limit': '#notnull' } ...................... passed
* url demoBaseUrl ......................................................... passed
* def query = { name: 'foo', country: 'IN', active: true, limit: 1 } ...... passed
* print query ............................................................. passed
Given path 'search' ....................................................... passed
And params query .......................................................... passed
When method get ........................................................... passed
Then status 200 ........................................................... passed
And match response !contains {} ........................................... passed
* url demoBaseUrl ......................................................... passed
* def query = { name: 'bar', country: null, active: null, limit: 5 } ...... passed
* print query ............................................................. passed
Given path 'search' ....................................................... passed
And params query .......................................................... passed
When method get ........................................................... passed
Then status 200 ........................................................... passed
And match response !contains { country: '#notnull', active: '#notnull' } .. passed
* url demoBaseUrl ......................................................... passed
* def query = { name: 'baz', country: 'JP', active: null, limit: null } ... passed
* print query ............................................................. passed
Given path 'search' ....................................................... passed
And params query .......................................................... passed
When method get ........................................................... passed
Then status 200 ........................................................... passed
And match response !contains { active: '#notnull', limit: '#notnull' } .... passed
* url demoBaseUrl ......................................................... passed
* def query = { name: null, country: 'US', active: null, limit: 3 } ....... passed
* print query ............................................................. passed
Given path 'search' ....................................................... passed
And params query .......................................................... passed
When method get ........................................................... passed
Then status 200 ........................................................... passed
And match response !contains { name: '#notnull', active: '#notnull' } ..... passed
* url demoBaseUrl ......................................................... passed
* def query = { name: null, country: null, active: false, limit: null } ... passed
* print query ............................................................. passed
Given path 'search' ....................................................... passed
And params query .......................................................... passed
When method get ........................................................... passed
Then status 200 ........................................................... passed
And match response !contains { name: '#notnull', country: '#notnull', limit: '#notnull' } . passed</system-out>
  </testcase>
  <testcase classname="demo.search.dynamic-params" name="using a data-driven called feature instead of a scenario outline" time="0.417754">
    <system-out>* url demoBaseUrl ......................................................... passed
* def query = { name: 'foo', country: 'IN', active: 'true', limit: '1' } .. passed
* def nullify = ........................................................... passed
* def getResponseParam = read('get-response-param.js') .................... passed
* def query = nullify(query) .............................................. passed
* print query ............................................................. passed
Given path 'search' ....................................................... passed
And params query .......................................................... passed
When method get ........................................................... passed
Then status 200 ........................................................... passed
And assert getResponseParam('name') == query.name ......................... passed
And assert getResponseParam('country') == query.country ................... passed
And assert getResponseParam('active') == query.active ..................... passed
And assert getResponseParam('limit') == query.limit ....................... passed
And match response !contains { '': '#notnull' } ........................... passed
* url demoBaseUrl ......................................................... passed
* def query = { name: 'bar', country: '', active: '', limit: '5' } ........ passed
* def nullify = ........................................................... passed
* def getResponseParam = read('get-response-param.js') .................... passed
* def query = nullify(query) .............................................. passed
* print query ............................................................. passed
Given path 'search' ....................................................... passed
And params query .......................................................... passed
When method get ........................................................... passed
Then status 200 ........................................................... passed
And assert getResponseParam('name') == query.name ......................... passed
And assert getResponseParam('country') == query.country ................... passed
And assert getResponseParam('active') == query.active ..................... passed
And assert getResponseParam('limit') == query.limit ....................... passed
And match response !contains { 'country': '#notnull' } .................... passed
* url demoBaseUrl ......................................................... passed
* def query = { name: 'baz', country: 'JP', active: '', limit: '' } ....... passed
* def nullify = ........................................................... passed
* def getResponseParam = read('get-response-param.js') .................... passed
* def query = nullify(query) .............................................. passed
* print query ............................................................. passed
Given path 'search' ....................................................... passed
And params query .......................................................... passed
When method get ........................................................... passed
Then status 200 ........................................................... passed
And assert getResponseParam('name') == query.name ......................... passed
And assert getResponseParam('country') == query.country ................... passed
And assert getResponseParam('active') == query.active ..................... passed
And assert getResponseParam('limit') == query.limit ....................... passed
And match response !contains { 'active': '#notnull' } ..................... passed
* url demoBaseUrl ......................................................... passed
* def query = { name: '', country: 'US', active: '', limit: '3' } ......... passed
* def nullify = ........................................................... passed
* def getResponseParam = read('get-response-param.js') .................... passed
* def query = nullify(query) .............................................. passed
* print query ............................................................. passed
Given path 'search' ....................................................... passed
And params query .......................................................... passed
When method get ........................................................... passed
Then status 200 ........................................................... passed
And assert getResponseParam('name') == query.name ......................... passed
And assert getResponseParam('country') == query.country ................... passed
And assert getResponseParam('active') == query.active ..................... passed
And assert getResponseParam('limit') == query.limit ....................... passed
And match response !contains { 'name': '#notnull' } ....................... passed
* url demoBaseUrl ......................................................... passed
* def query = { name: '', country: '', active: 'false', limit: '' } ....... passed
* def nullify = ........................................................... passed
* def getResponseParam = read('get-response-param.js') .................... passed
* def query = nullify(query) .............................................. passed
* print query ............................................................. passed
Given path 'search' ....................................................... passed
And params query .......................................................... passed
When method get ........................................................... passed
Then status 200 ........................................................... passed
And assert getResponseParam('name') == query.name ......................... passed
And assert getResponseParam('country') == query.country ................... passed
And assert getResponseParam('active') == query.active ..................... passed
And assert getResponseParam('limit') == query.limit ....................... passed
And match response !contains { 'limit': '#notnull' } ...................... passed
* url demoBaseUrl ......................................................... passed
* def query = { name: 'foo', country: 'IN', active: true, limit: 1 } ...... passed
* print query ............................................................. passed
Given path 'search' ....................................................... passed
And params query .......................................................... passed
When method get ........................................................... passed
Then status 200 ........................................................... passed
And match response !contains {} ........................................... passed
* url demoBaseUrl ......................................................... passed
* def query = { name: 'bar', country: null, active: null, limit: 5 } ...... passed
* print query ............................................................. passed
Given path 'search' ....................................................... passed
And params query .......................................................... passed
When method get ........................................................... passed
Then status 200 ........................................................... passed
And match response !contains { country: '#notnull', active: '#notnull' } .. passed
* url demoBaseUrl ......................................................... passed
* def query = { name: 'baz', country: 'JP', active: null, limit: null } ... passed
* print query ............................................................. passed
Given path 'search' ....................................................... passed
And params query .......................................................... passed
When method get ........................................................... passed
Then status 200 ........................................................... passed
And match response !contains { active: '#notnull', limit: '#notnull' } .... passed
* url demoBaseUrl ......................................................... passed
* def query = { name: null, country: 'US', active: null, limit: 3 } ....... passed
* print query ............................................................. passed
Given path 'search' ....................................................... passed
And params query .......................................................... passed
When method get ........................................................... passed
Then status 200 ........................................................... passed
And match response !contains { name: '#notnull', active: '#notnull' } ..... passed
* url demoBaseUrl ......................................................... passed
* def query = { name: null, country: null, active: false, limit: null } ... passed
* print query ............................................................. passed
Given path 'search' ....................................................... passed
And params query .......................................................... passed
When method get ........................................................... passed
Then status 200 ........................................................... passed
And match response !contains { name: '#notnull', country: '#notnull', limit: '#notnull' } . passed
* url demoBaseUrl ......................................................... passed
* table data .............................................................. passed
* def result = call read('search-complex.feature') data ................... passed</system-out>
  </testcase>
  <testcase classname="demo.search.dynamic-params" name="using the set keyword to build json and nulls are skipped by default" time="0.237801">
    <system-out>* url demoBaseUrl ......................................................... passed
* def query = { name: 'foo', country: 'IN', active: 'true', limit: '1' } .. passed
* def nullify = ........................................................... passed
* def getResponseParam = read('get-response-param.js') .................... passed
* def query = nullify(query) .............................................. passed
* print query ............................................................. passed
Given path 'search' ....................................................... passed
And params query .......................................................... passed
When method get ........................................................... passed
Then status 200 ........................................................... passed
And assert getResponseParam('name') == query.name ......................... passed
And assert getResponseParam('country') == query.country ................... passed
And assert getResponseParam('active') == query.active ..................... passed
And assert getResponseParam('limit') == query.limit ....................... passed
And match response !contains { '': '#notnull' } ........................... passed
* url demoBaseUrl ......................................................... passed
* def query = { name: 'bar', country: '', active: '', limit: '5' } ........ passed
* def nullify = ........................................................... passed
* def getResponseParam = read('get-response-param.js') .................... passed
* def query = nullify(query) .............................................. passed
* print query ............................................................. passed
Given path 'search' ....................................................... passed
And params query .......................................................... passed
When method get ........................................................... passed
Then status 200 ........................................................... passed
And assert getResponseParam('name') == query.name ......................... passed
And assert getResponseParam('country') == query.country ................... passed
And assert getResponseParam('active') == query.active ..................... passed
And assert getResponseParam('limit') == query.limit ....................... passed
And match response !contains { 'country': '#notnull' } .................... passed
* url demoBaseUrl ......................................................... passed
* def query = { name: 'baz', country: 'JP', active: '', limit: '' } ....... passed
* def nullify = ........................................................... passed
* def getResponseParam = read('get-response-param.js') .................... passed
* def query = nullify(query) .............................................. passed
* print query ............................................................. passed
Given path 'search' ....................................................... passed
And params query .......................................................... passed
When method get ........................................................... passed
Then status 200 ........................................................... passed
And assert getResponseParam('name') == query.name ......................... passed
And assert getResponseParam('country') == query.country ................... passed
And assert getResponseParam('active') == query.active ..................... passed
And assert getResponseParam('limit') == query.limit ....................... passed
And match response !contains { 'active': '#notnull' } ..................... passed
* url demoBaseUrl ......................................................... passed
* def query = { name: '', country: 'US', active: '', limit: '3' } ......... passed
* def nullify = ........................................................... passed
* def getResponseParam = read('get-response-param.js') .................... passed
* def query = nullify(query) .............................................. passed
* print query ............................................................. passed
Given path 'search' ....................................................... passed
And params query .......................................................... passed
When method get ........................................................... passed
Then status 200 ........................................................... passed
And assert getResponseParam('name') == query.name ......................... passed
And assert getResponseParam('country') == query.country ................... passed
And assert getResponseParam('active') == query.active ..................... passed
And assert getResponseParam('limit') == query.limit ....................... passed
And match response !contains { 'name': '#notnull' } ....................... passed
* url demoBaseUrl ......................................................... passed
* def query = { name: '', country: '', active: 'false', limit: '' } ....... passed
* def nullify = ........................................................... passed
* def getResponseParam = read('get-response-param.js') .................... passed
* def query = nullify(query) .............................................. passed
* print query ............................................................. passed
Given path 'search' ....................................................... passed
And params query .......................................................... passed
When method get ........................................................... passed
Then status 200 ........................................................... passed
And assert getResponseParam('name') == query.name ......................... passed
And assert getResponseParam('country') == query.country ................... passed
And assert getResponseParam('active') == query.active ..................... passed
And assert getResponseParam('limit') == query.limit ....................... passed
And match response !contains { 'limit': '#notnull' } ...................... passed
* url demoBaseUrl ......................................................... passed
* def query = { name: 'foo', country: 'IN', active: true, limit: 1 } ...... passed
* print query ............................................................. passed
Given path 'search' ....................................................... passed
And params query .......................................................... passed
When method get ........................................................... passed
Then status 200 ........................................................... passed
And match response !contains {} ........................................... passed
* url demoBaseUrl ......................................................... passed
* def query = { name: 'bar', country: null, active: null, limit: 5 } ...... passed
* print query ............................................................. passed
Given path 'search' ....................................................... passed
And params query .......................................................... passed
When method get ........................................................... passed
Then status 200 ........................................................... passed
And match response !contains { country: '#notnull', active: '#notnull' } .. passed
* url demoBaseUrl ......................................................... passed
* def query = { name: 'baz', country: 'JP', active: null, limit: null } ... passed
* print query ............................................................. passed
Given path 'search' ....................................................... passed
And params query .......................................................... passed
When method get ........................................................... passed
[...]
And assert getResponseParam('country') == query.country ................... passed
And assert getResponseParam('active') == query.active ..................... passed
And assert getResponseParam('limit') == query.limit ....................... passed
And match response !contains { 'active': '#notnull' } ..................... passed
* url demoBaseUrl ......................................................... passed
* def query = { name: '', country: 'US', active: '', limit: '3' } ......... passed
* def nullify = ........................................................... passed
* def getResponseParam = read('get-response-param.js') .................... passed
* def query = nullify(query) .............................................. passed
* print query ............................................................. passed
Given path 'search' ....................................................... passed
And params query .......................................................... passed
When method get ........................................................... passed
Then status 200 ........................................................... passed
And assert getResponseParam('name') == query.name ......................... passed
And assert getResponseParam('country') == query.country ................... passed
And assert getResponseParam('active') == query.active ..................... passed
And assert getResponseParam('limit') == query.limit ....................... passed
And match response !contains { 'name': '#notnull' } ....................... passed
* url demoBaseUrl ......................................................... passed
* def query = { name: '', country: '', active: 'false', limit: '' } ....... passed
* def nullify = ........................................................... passed
* def getResponseParam = read('get-response-param.js') .................... passed
* def query = nullify(query) .............................................. passed
* print query ............................................................. passed
Given path 'search' ....................................................... passed
And params query .......................................................... passed
When method get ........................................................... passed
Then status 200 ........................................................... passed
And assert getResponseParam('name') == query.name ......................... passed
And assert getResponseParam('country') == query.country ................... passed
And assert getResponseParam('active') == query.active ..................... passed
And assert getResponseParam('limit') == query.limit ....................... passed
And match response !contains { 'limit': '#notnull' } ...................... passed
* url demoBaseUrl ......................................................... passed
* def query = { name: 'foo', country: 'IN', active: true, limit: 1 } ...... passed
* print query ............................................................. passed
Given path 'search' ....................................................... passed
And params query .......................................................... passed
When method get ........................................................... passed
Then status 200 ........................................................... passed
And match response !contains {} ........................................... passed
* url demoBaseUrl ......................................................... passed
* def query = { name: 'bar', country: null, active: null, limit: 5 } ...... passed
* print query ............................................................. passed
Given path 'search' ....................................................... passed
And params query .......................................................... passed
When method get ........................................................... passed
Then status 200 ........................................................... passed
And match response !contains { country: '#notnull', active: '#notnull' } .. passed
* url demoBaseUrl ......................................................... passed
* def query = { name: 'baz', country: 'JP', active: null, limit: null } ... passed
* print query ............................................................. passed
Given path 'search' ....................................................... passed
And params query .......................................................... passed
When method get ........................................................... passed
Then status 200 ........................................................... passed
And match response !contains { active: '#notnull', limit: '#notnull' } .... passed
* url demoBaseUrl ......................................................... passed
* def query = { name: null, country: 'US', active: null, limit: 3 } ....... passed
* print query ............................................................. passed
Given path 'search' ....................................................... passed
And params query .......................................................... passed
When method get ........................................................... passed
Then status 200 ........................................................... passed
And match response !contains { name: '#notnull', active: '#notnull' } ..... passed
* url demoBaseUrl ......................................................... passed
* def query = { name: null, country: null, active: false, limit: null } ... passed
* print query ............................................................. passed
Given path 'search' ....................................................... passed
And params query .......................................................... passed
When method get ........................................................... passed
Then status 200 ........................................................... passed
And match response !contains { name: '#notnull', country: '#notnull', limit: '#notnull' } . passed
* url demoBaseUrl ......................................................... passed
* table data .............................................................. passed
* def result = call read('search-complex.feature') data ................... passed
* url demoBaseUrl ......................................................... passed
* set data ................................................................ passed
* table search ............................................................ passed
* def result = call read('search-simple.feature') search .................. passed
* url demoBaseUrl ......................................................... passed
* def data = { one: 'one', two: 'two' } ................................... passed
Given path 'search' ....................................................... passed
And params ({ name: data.one, country: data.two }) ........................ passed
When method get ........................................................... passed
Then status 200 ........................................................... passed
And match response == { name: ['one'], country: ['two'] } ................. passed</system-out>
  </testcase>
  <testcase classname="demo.search.dynamic-params" name="test that multi-params work as expected" time="0.031799">
    <system-out>* url demoBaseUrl ......................................................... passed
* def query = { name: 'foo', country: 'IN', active: 'true', limit: '1' } .. passed
* def nullify = ........................................................... passed
* def getResponseParam = read('get-response-param.js') .................... passed
* def query = nullify(query) .............................................. passed
* print query ............................................................. passed
Given path 'search' ....................................................... passed
And params query .......................................................... passed
When method get ........................................................... passed
Then status 200 ........................................................... passed
And assert getResponseParam('name') == query.name ......................... passed
And assert getResponseParam('country') == query.country ................... passed
And assert getResponseParam('active') == query.active ..................... passed
And assert getResponseParam('limit') == query.limit ....................... passed
And match response !contains { '': '#notnull' } ........................... passed
* url demoBaseUrl ......................................................... passed
* def query = { name: 'bar', country: '', active: '', limit: '5' } ........ passed
* def nullify = ........................................................... passed
* def getResponseParam = read('get-response-param.js') .................... passed
* def query = nullify(query) .............................................. passed
* print query ............................................................. passed
Given path 'search' ....................................................... passed
And params query .......................................................... passed
When method get ........................................................... passed
Then status 200 ........................................................... passed
And assert getResponseParam('name') == query.name ......................... passed
And assert getResponseParam('country') == query.country ................... passed
And assert getResponseParam('active') == query.active ..................... passed
And assert getResponseParam('limit') == query.limit ....................... passed
And match response !contains { 'country': '#notnull' } .................... passed
* url demoBaseUrl ......................................................... passed
* def query = { name: 'baz', country: 'JP', active: '', limit: '' } ....... passed
* def nullify = ........................................................... passed
* def getResponseParam = read('get-response-param.js') .................... passed
* def query = nullify(query) .............................................. passed
* print query ............................................................. passed
Given path 'search' ....................................................... passed
And params query .......................................................... passed
When method get ........................................................... passed
Then status 200 ........................................................... passed
And assert getResponseParam('name') == query.name ......................... passed
And assert getResponseParam('country') == query.country ................... passed
And assert getResponseParam('active') == query.active ..................... passed
And assert getResponseParam('limit') == query.limit ....................... passed
And match response !contains { 'active': '#notnull' } ..................... passed
* url demoBaseUrl ......................................................... passed
* def query = { name: '', country: 'US', active: '', limit: '3' } ......... passed
* def nullify = ........................................................... passed
* def getResponseParam = read('get-response-param.js') .................... passed
* def query = nullify(query) .............................................. passed
* print query ............................................................. passed
Given path 'search' ....................................................... passed
And params query .......................................................... passed
When method get ........................................................... passed
Then status 200 ........................................................... passed
And assert getResponseParam('name') == query.name ......................... passed
And assert getResponseParam('country') == query.country ................... passed
And assert getResponseParam('active') == query.active ..................... passed
And assert getResponseParam('limit') == query.limit ....................... passed
And match response !contains { 'name': '#notnull' } ....................... passed
* url demoBaseUrl ......................................................... passed
* def query = { name: '', country: '', active: 'false', limit: '' } ....... passed
* def nullify = ........................................................... passed
* def getResponseParam = read('get-response-param.js') .................... passed
* def query = nullify(query) .............................................. passed
* print query ............................................................. passed
Given path 'search' ....................................................... passed
And params query .......................................................... passed
When method get ........................................................... passed
Then status 200 ........................................................... passed
And assert getResponseParam('name') == query.name ......................... passed
And assert getResponseParam('country') == query.country ................... passed
And assert getResponseParam('active') == query.active ..................... passed
And assert getResponseParam('limit') == query.limit ....................... passed
And match response !contains { 'limit': '#notnull' } ...................... passed
* url demoBaseUrl ......................................................... passed
* def query = { name: 'foo', country: 'IN', active: true, limit: 1 } ...... passed
* print query ............................................................. passed
Given path 'search' ....................................................... passed
And params query .......................................................... passed
When method get ........................................................... passed
Then status 200 ........................................................... passed
And match response !contains {} ........................................... passed
* url demoBaseUrl ......................................................... passed
* def query = { name: 'bar', country: null, active: null, limit: 5 } ...... passed
* print query ............................................................. passed
Given path 'search' ....................................................... passed
And params query .......................................................... passed
When method get ........................................................... passed
Then status 200 ........................................................... passed
And match response !contains { country: '#notnull', active: '#notnull' } .. passed
* url demoBaseUrl ......................................................... passed
* def query = { name: 'baz', country: 'JP', active: null, limit: null } ... passed
* print query ............................................................. passed
Given path 'search' ....................................................... passed
And params query .......................................................... passed
When method get ........................................................... passed
Then status 200 ........................................................... passed
And match response !contains { active: '#notnull', limit: '#notnull' } .... passed
* url demoBaseUrl ......................................................... passed
* def query = { name: null, country: 'US', active: null, limit: 3 } ....... passed
* print query ............................................................. passed
Given path 'search' ....................................................... passed
And params query .......................................................... passed
When method get ........................................................... passed
Then status 200 ........................................................... passed
And match response !contains { name: '#notnull', active: '#notnull' } ..... passed
* url demoBaseUrl ......................................................... passed
* def query = { name: null, country: null, active: false, limit: null } ... passed
* print query ............................................................. passed
Given path 'search' ....................................................... passed
And params query .......................................................... passed
When method get ........................................................... passed
Then status 200 ........................................................... passed
And match response !contains { name: '#notnull', country: '#notnull', limit: '#notnull' } . passed
* url demoBaseUrl ......................................................... passed
* table data .............................................................. passed
* def result = call read('search-complex.feature') data ................... passed
* url demoBaseUrl ......................................................... passed
* set data ................................................................ passed
* table search ............................................................ passed
* def result = call read('search-simple.feature') search .................. passed
* url demoBaseUrl ......................................................... passed
* def data = { one: 'one', two: 'two' } ................................... passed
Given path 'search' ....................................................... passed
And params ({ name: data.one, country: data.two }) ........................ passed
When method get ........................................................... passed
Then status 200 ........................................................... passed
And match response == { name: ['one'], country: ['two'] } ................. passed
* url demoBaseUrl ......................................................... passed
Given path 'search' ....................................................... passed
And param foo = 'bar', 'baz' .............................................. passed
When method get ........................................................... passed
Then status 200 ........................................................... passed
And match response == { foo: ['bar', 'baz'] } ............................. passed
Given path 'search' ....................................................... passed
And params { foo: ['bar', 'baz'] } ........................................ passed
When method get ........................................................... passed
Then status 200 ........................................................... passed
And match response == { foo: ['bar', 'baz'] } ............................. passed
Given path 'search' ....................................................... passed
And param foo = 'bar,baz' ................................................. passed
When method get ........................................................... passed
Then status 200 ........................................................... passed
And match response == { foo: ['bar,baz'] } ................................ passed
Given path 'search' ....................................................... passed
And params { foo: 'bar,baz' } ............................................. passed
When method get ........................................................... passed
Then status 200 ........................................................... passed
And match response == { foo: ['bar,baz'] } ................................ passed</system-out>
  </testcase>
</testsuite>
