<testsuite failures="0" name="demo/dogs/dogs.feature" skipped="0" tests="1" time="0.285194">
  <testcase classname="demo.dogs.dogs" name="create and retrieve a dog" time="0.285194">
    <system-out>* url demoBaseUrl ......................................................... passed
Given path 'dogs' ......................................................... passed
And request { name: 'Scooby' } ............................................ passed
When method post .......................................................... passed
Then status 200 ........................................................... passed
And match response == { id: '#number', name: 'Scooby' } ................... passed
* def id = response.id .................................................... passed
Given path 'dogs', id ..................................................... passed
When method get ........................................................... passed
Then status 200 ........................................................... passed
And match response == { id: '#(id)', name: 'Scooby' } ..................... passed
Given path 'dogs' ......................................................... passed
When method get ........................................................... passed
Then status 200 ........................................................... passed
And match response contains { id: '#(id)', name: 'Scooby' } ............... passed
* def config = { username: 'sa', password: '', url: 'jdbc:h2:mem:testdb', driverClassName: 'org.h2.Driver' } . passed
* def DbUtils = Java.type('com.intuit.karate.demo.util.DbUtils') .......... passed
* def db = new DbUtils(config) ............................................ passed
* def dogs = db.readRows('SELECT * FROM DOGS') ............................ passed
* match dogs contains { ID: '#(id)', NAME: 'Scooby' } ..................... passed
* def dog = db.readRow('SELECT * FROM DOGS D WHERE D.ID = ' + id) ......... passed
* match dog.NAME == 'Scooby' .............................................. passed
* def test = db.readValue('SELECT ID FROM DOGS D WHERE D.ID = ' + id) ..... passed
* match test == id ........................................................ passed</system-out>
  </testcase>
</testsuite>
