<testsuite failures="0" name="demo/headers/headers-uuid.feature" skipped="0" tests="1" time="0.077178">
  <testcase classname="demo.headers.headers-uuid" name="check that the header sent was as expected" time="0.077178">
    <system-out>* configure headers = read('headers-alt.js') .............................. passed
Given url demoBaseUrl ..................................................... passed
And path 'search', 'headers' .............................................. passed
When method get ........................................................... passed
Then status 200 ........................................................... passed
And match prevUuid == response.token[0] ................................... passed</system-out>
  </testcase>
</testsuite>
