<testsuite failures="0" name="demo/callonce/call-once.feature" skipped="0" tests="3" time="0.367351">
  <testcase classname="demo.callonce.call-once" name="various tests on the cats created" time="0.218883">
    <system-out>* url demoBaseUrl ......................................................... passed
* table kittens ........................................................... passed
* def result = callonce read('../callarray/kitten-create.feature') kittens . passed
Given path 'cats' ......................................................... passed
When method get ........................................................... passed
Then status 200 ........................................................... passed
And match response[*].name contains 'Bob' ................................. passed</system-out>
  </testcase>
  <testcase classname="demo.callonce.call-once" name="various tests on the cats created" time="0.073407">
    <system-out>* url demoBaseUrl ......................................................... passed
* table kittens ........................................................... passed
* def result = callonce read('../callarray/kitten-create.feature') kittens . passed
Given path 'cats' ......................................................... passed
When method get ........................................................... passed
Then status 200 ........................................................... passed
And match response[*].name contains 'Bob' ................................. passed
* url demoBaseUrl ......................................................... passed
* table kittens ........................................................... passed
* def result = callonce read('../callarray/kitten-create.feature') kittens . passed
Given path 'cats' ......................................................... passed
When method get ........................................................... passed
Then status 200 ........................................................... passed
And match response[*].name contains 'Nyan' ................................ passed</system-out>
  </testcase>
  <testcase classname="demo.callonce.call-once" name="create a cat with kittens" time="0.075061">
    <system-out>* url demoBaseUrl ......................................................... passed
* table kittens ........................................................... passed
* def result = callonce read('../callarray/kitten-create.feature') kittens . passed
Given path 'cats' ......................................................... passed
When method get ........................................................... passed
Then status 200 ........................................................... passed
And match response[*].name contains 'Bob' ................................. passed
* url demoBaseUrl ......................................................... passed
* table kittens ........................................................... passed
* def result = callonce read('../callarray/kitten-create.feature') kittens . passed
Given path 'cats' ......................................................... passed
When method get ........................................................... passed
Then status 200 ........................................................... passed
And match response[*].name contains 'Nyan' ................................ passed
* url demoBaseUrl ......................................................... passed
* table kittens ........................................................... passed
* def result = callonce read('../callarray/kitten-create.feature') kittens . passed
* def created = $result[*].response ....................................... passed
Given path 'cats' ......................................................... passed
And request { name: 'Billie', kittens: '#(created)' } ..................... passed
When method post .......................................................... passed
Then status 200 ........................................................... passed
And match response.kittens[*].name contains only ['Bob', 'Wild', 'Nyan'] .. passed
And match response.kittens[*].name contains only $kittens[*].name ......... passed</system-out>
  </testcase>
</testsuite>
